 
****************************************
Report : area
Design : cache_top
Version: V-2023.12
Date   : Mon Jun 15 04:23:48 2026
****************************************

Information: Updating design information... (UID-85)
Library(s) Used:

    saed32rvt_tt0p78vn40c (File: /home/ece/Downloads/C-DAC_july24/ref/lib/stdcell_rvt/saed32rvt_tt0p78vn40c.db)

Number of ports:                          156
Number of nets:                         25811
Number of cells:                        25679
Number of combinational cells:          17254
Number of sequential cells:              8424
Number of macros/black boxes:               0
Number of buf/inv:                       2720
Number of references:                       1

Combinational area:              41933.506094
Buf/Inv area:                     4650.327080
Noncombinational area:           55682.443936
Macro/Black Box area:                0.000000
Net Interconnect area:           42886.603219

Total cell area:                 97615.950030
Total area:                     140502.553249

Hierarchical area distribution
------------------------------

                                  Global cell area            Local cell area
                                  -------------------  ------------------------------ 
Hierarchical cell                 Absolute    Percent  Combi-      Noncombi-   Black-
                                  Total       Total    national    national    boxes   Design
--------------------------------  ----------  -------  ----------  ----------  ------  ----------------
cache_top                         97615.9500    100.0      0.0000      0.0000  0.0000  cache_top
DUT                               97615.9500    100.0  41933.5061  55682.4439  0.0000  cache_controller
--------------------------------  ----------  -------  ----------  ----------  ------  ----------------
Total                                                  41933.5061  55682.4439  0.0000

1
