 
****************************************
Report : timing
        -path full
        -delay max
        -max_paths 1
Design : cache_top
Version: V-2023.12
Date   : Mon Jun 15 04:23:49 2026
****************************************

Operating Conditions: tt0p78vn40c   Library: saed32rvt_tt0p78vn40c
Wire Load Model Mode: enclosed

  Startpoint: DUT/cpu_rdata_reg[30]
              (rising edge-triggered flip-flop)
  Endpoint: rdata[30] (output port)
  Path Group: (none)
  Path Type: max

  Des/Clust/Port     Wire Load Model       Library
  ------------------------------------------------
  cache_controller   140000                saed32rvt_tt0p78vn40c
  cache_top          140000                saed32rvt_tt0p78vn40c

  Point                                                   Incr       Path
  --------------------------------------------------------------------------
  DUT/cpu_rdata_reg[30]/CLK (DFFARX1_RVT)                 0.00       0.00 r
  DUT/cpu_rdata_reg[30]/Q (DFFARX1_RVT)                   0.26       0.26 r
  DUT/cpu_rdata[30] (cache_controller)                    0.00       0.26 r
  rdata[30] (out)                                         0.00       0.26 r
  data arrival time                                                  0.26
  --------------------------------------------------------------------------
  (Path is unconstrained)


1
